2024-08-22 17:39:22.649  INFO 4800 --- [restartedMain] com.jbk.TrackMyClassApplication          : Starting TrackMyClassApplication using Java 21.0.3 on LENOVO with PID 4800 (C:\Workspace\advance java\184\TrackMyClass\target\classes started by RAM in C:\Workspace\advance java\184\TrackMyClass)
2024-08-22 17:39:22.649  INFO 4800 --- [restartedMain] com.jbk.TrackMyClassApplication          : No active profile set, falling back to default profiles: default
2024-08-22 17:39:22.751  INFO 4800 --- [restartedMain] .e.DevToolsPropertyDefaultsPostProcessor : Devtools property defaults active! Set 'spring.devtools.add-properties' to 'false' to disable
2024-08-22 17:39:22.757  INFO 4800 --- [restartedMain] .e.DevToolsPropertyDefaultsPostProcessor : For additional web related logging consider setting the 'logging.level.web' property to 'DEBUG'
2024-08-22 17:39:23.694  INFO 4800 --- [restartedMain] .s.d.r.c.RepositoryConfigurationDelegate : Bootstrapping Spring Data JPA repositories in DEFAULT mode.
2024-08-22 17:39:23.733  INFO 4800 --- [restartedMain] .s.d.r.c.RepositoryConfigurationDelegate : Finished Spring Data repository scanning in 21 ms. Found 0 JPA repository interfaces.
2024-08-22 17:39:26.294  INFO 4800 --- [restartedMain] o.s.b.w.embedded.tomcat.TomcatWebServer  : Tomcat initialized with port(s): 8091 (http)
2024-08-22 17:39:26.546  INFO 4800 --- [restartedMain] o.apache.catalina.core.StandardService   : Starting service [Tomcat]
2024-08-22 17:39:26.547  INFO 4800 --- [restartedMain] org.apache.catalina.core.StandardEngine  : Starting Servlet engine: [Apache Tomcat/9.0.54]
2024-08-22 17:39:27.305  INFO 4800 --- [restartedMain] o.a.c.c.C.[Tomcat].[localhost].[/]       : Initializing Spring embedded WebApplicationContext
2024-08-22 17:39:27.308  INFO 4800 --- [restartedMain] w.s.c.ServletWebServerApplicationContext : Root WebApplicationContext: initialization completed in 4550 ms
2024-08-22 17:39:29.869  INFO 4800 --- [restartedMain] o.hibernate.jpa.internal.util.LogHelper  : HHH000204: Processing PersistenceUnitInfo [name: default]
2024-08-22 17:39:30.289  INFO 4800 --- [restartedMain] org.hibernate.Version                    : HHH000412: Hibernate ORM core version 5.4.32.Final
2024-08-22 17:39:30.587  INFO 4800 --- [restartedMain] o.hibernate.annotations.common.Version   : HCANN000001: Hibernate Commons Annotations {5.1.2.Final}
2024-08-22 17:39:30.772  INFO 4800 --- [restartedMain] com.zaxxer.hikari.HikariDataSource       : HikariPool-1 - Starting...
2024-08-22 17:39:31.522  INFO 4800 --- [restartedMain] com.zaxxer.hikari.HikariDataSource       : HikariPool-1 - Start completed.
2024-08-22 17:39:31.557  INFO 4800 --- [restartedMain] org.hibernate.dialect.Dialect            : HHH000400: Using dialect: org.hibernate.dialect.MySQL8Dialect
2024-08-22 17:39:32.978  INFO 4800 --- [restartedMain] o.h.e.t.j.p.i.JtaPlatformInitiator       : HHH000490: Using JtaPlatform implementation: [org.hibernate.engine.transaction.jta.platform.internal.NoJtaPlatform]
2024-08-22 17:39:32.995  INFO 4800 --- [restartedMain] j.LocalContainerEntityManagerFactoryBean : Initialized JPA EntityManagerFactory for persistence unit 'default'
2024-08-22 17:39:33.366  WARN 4800 --- [restartedMain] JpaBaseConfiguration$JpaWebConfiguration : spring.jpa.open-in-view is enabled by default. Therefore, database queries may be performed during view rendering. Explicitly configure spring.jpa.open-in-view to disable this warning
2024-08-22 17:39:34.129  INFO 4800 --- [restartedMain] o.s.b.d.a.OptionalLiveReloadServer       : LiveReload server is running on port 35729
2024-08-22 17:39:34.204  INFO 4800 --- [restartedMain] o.s.b.w.embedded.tomcat.TomcatWebServer  : Tomcat started on port(s): 8091 (http) with context path ''
2024-08-22 17:39:34.239  INFO 4800 --- [restartedMain] com.jbk.TrackMyClassApplication          : Started TrackMyClassApplication in 12.235 seconds (JVM running for 13.078)
2024-08-22 17:47:28.439  INFO 4800 --- [Thread-5] j.LocalContainerEntityManagerFactoryBean : Closing JPA EntityManagerFactory for persistence unit 'default'
2024-08-22 17:47:28.454  INFO 4800 --- [Thread-5] com.zaxxer.hikari.HikariDataSource       : HikariPool-1 - Shutdown initiated...
2024-08-22 17:47:28.487  INFO 4800 --- [Thread-5] com.zaxxer.hikari.HikariDataSource       : HikariPool-1 - Shutdown completed.
2024-08-22 17:47:28.622  INFO 4800 --- [restartedMain] com.jbk.TrackMyClassApplication          : Starting TrackMyClassApplication using Java 21.0.3 on LENOVO with PID 4800 (C:\Workspace\advance java\184\TrackMyClass\target\classes started by RAM in C:\Workspace\advance java\184\TrackMyClass)
2024-08-22 17:47:28.623  INFO 4800 --- [restartedMain] com.jbk.TrackMyClassApplication          : No active profile set, falling back to default profiles: default
2024-08-22 17:47:29.009  INFO 4800 --- [restartedMain] .s.d.r.c.RepositoryConfigurationDelegate : Bootstrapping Spring Data JPA repositories in DEFAULT mode.
2024-08-22 17:47:29.022  INFO 4800 --- [restartedMain] .s.d.r.c.RepositoryConfigurationDelegate : Finished Spring Data repository scanning in 12 ms. Found 0 JPA repository interfaces.
2024-08-22 17:47:29.240  INFO 4800 --- [restartedMain] o.s.b.w.embedded.tomcat.TomcatWebServer  : Tomcat initialized with port(s): 8091 (http)
2024-08-22 17:47:29.242  INFO 4800 --- [restartedMain] o.apache.catalina.core.StandardService   : Starting service [Tomcat]
2024-08-22 17:47:29.243  INFO 4800 --- [restartedMain] org.apache.catalina.core.StandardEngine  : Starting Servlet engine: [Apache Tomcat/9.0.54]
2024-08-22 17:47:29.271  INFO 4800 --- [restartedMain] o.a.c.c.C.[Tomcat].[localhost].[/]       : Initializing Spring embedded WebApplicationContext
2024-08-22 17:47:29.271  INFO 4800 --- [restartedMain] w.s.c.ServletWebServerApplicationContext : Root WebApplicationContext: initialization completed in 644 ms
2024-08-22 17:47:29.343  INFO 4800 --- [restartedMain] o.hibernate.jpa.internal.util.LogHelper  : HHH000204: Processing PersistenceUnitInfo [name: default]
2024-08-22 17:47:29.356  INFO 4800 --- [restartedMain] com.zaxxer.hikari.HikariDataSource       : HikariPool-2 - Starting...
2024-08-22 17:47:29.446  INFO 4800 --- [restartedMain] com.zaxxer.hikari.HikariDataSource       : HikariPool-2 - Start completed.
2024-08-22 17:47:29.447  INFO 4800 --- [restartedMain] org.hibernate.dialect.Dialect            : HHH000400: Using dialect: org.hibernate.dialect.MySQL8Dialect
2024-08-22 17:47:29.688  INFO 4800 --- [restartedMain] o.h.e.t.j.p.i.JtaPlatformInitiator       : HHH000490: Using JtaPlatform implementation: [org.hibernate.engine.transaction.jta.platform.internal.NoJtaPlatform]
2024-08-22 17:47:29.689  INFO 4800 --- [restartedMain] j.LocalContainerEntityManagerFactoryBean : Initialized JPA EntityManagerFactory for persistence unit 'default'
2024-08-22 17:47:29.838  WARN 4800 --- [restartedMain] JpaBaseConfiguration$JpaWebConfiguration : spring.jpa.open-in-view is enabled by default. Therefore, database queries may be performed during view rendering. Explicitly configure spring.jpa.open-in-view to disable this warning
2024-08-22 17:47:30.003  INFO 4800 --- [restartedMain] o.s.b.d.a.OptionalLiveReloadServer       : LiveReload server is running on port 35729
2024-08-22 17:47:30.035  INFO 4800 --- [restartedMain] o.s.b.w.embedded.tomcat.TomcatWebServer  : Tomcat started on port(s): 8091 (http) with context path ''
2024-08-22 17:47:30.039  INFO 4800 --- [restartedMain] com.jbk.TrackMyClassApplication          : Started TrackMyClassApplication in 1.471 seconds (JVM running for 488.879)
2024-08-22 17:47:30.072  INFO 4800 --- [restartedMain] .ConditionEvaluationDeltaLoggingListener : Condition evaluation unchanged
2024-08-22 17:48:07.316  INFO 4800 --- [Thread-7] j.LocalContainerEntityManagerFactoryBean : Closing JPA EntityManagerFactory for persistence unit 'default'
2024-08-22 17:48:07.317  INFO 4800 --- [Thread-7] com.zaxxer.hikari.HikariDataSource       : HikariPool-2 - Shutdown initiated...
2024-08-22 17:48:07.324  INFO 4800 --- [Thread-7] com.zaxxer.hikari.HikariDataSource       : HikariPool-2 - Shutdown completed.
2024-08-22 17:48:07.399  INFO 4800 --- [restartedMain] com.jbk.TrackMyClassApplication          : Starting TrackMyClassApplication using Java 21.0.3 on LENOVO with PID 4800 (C:\Workspace\advance java\184\TrackMyClass\target\classes started by RAM in C:\Workspace\advance java\184\TrackMyClass)
2024-08-22 17:48:07.400  INFO 4800 --- [restartedMain] com.jbk.TrackMyClassApplication          : No active profile set, falling back to default profiles: default
2024-08-22 17:48:07.817  INFO 4800 --- [restartedMain] .s.d.r.c.RepositoryConfigurationDelegate : Bootstrapping Spring Data JPA repositories in DEFAULT mode.
2024-08-22 17:48:07.827  INFO 4800 --- [restartedMain] .s.d.r.c.RepositoryConfigurationDelegate : Finished Spring Data repository scanning in 9 ms. Found 0 JPA repository interfaces.
2024-08-22 17:48:08.009  INFO 4800 --- [restartedMain] o.s.b.w.embedded.tomcat.TomcatWebServer  : Tomcat initialized with port(s): 8091 (http)
2024-08-22 17:48:08.011  INFO 4800 --- [restartedMain] o.apache.catalina.core.StandardService   : Starting service [Tomcat]
2024-08-22 17:48:08.013  INFO 4800 --- [restartedMain] org.apache.catalina.core.StandardEngine  : Starting Servlet engine: [Apache Tomcat/9.0.54]
2024-08-22 17:48:08.053  INFO 4800 --- [restartedMain] o.a.c.c.C.[Tomcat].[localhost].[/]       : Initializing Spring embedded WebApplicationContext
2024-08-22 17:48:08.058  INFO 4800 --- [restartedMain] w.s.c.ServletWebServerApplicationContext : Root WebApplicationContext: initialization completed in 648 ms
2024-08-22 17:48:08.126  INFO 4800 --- [restartedMain] o.hibernate.jpa.internal.util.LogHelper  : HHH000204: Processing PersistenceUnitInfo [name: default]
2024-08-22 17:48:08.141  INFO 4800 --- [restartedMain] com.zaxxer.hikari.HikariDataSource       : HikariPool-3 - Starting...
2024-08-22 17:48:08.177  INFO 4800 --- [restartedMain] com.zaxxer.hikari.HikariDataSource       : HikariPool-3 - Start completed.
2024-08-22 17:48:08.179  INFO 4800 --- [restartedMain] org.hibernate.dialect.Dialect            : HHH000400: Using dialect: org.hibernate.dialect.MySQL8Dialect
2024-08-22 17:48:08.370  INFO 4800 --- [restartedMain] o.h.e.t.j.p.i.JtaPlatformInitiator       : HHH000490: Using JtaPlatform implementation: [org.hibernate.engine.transaction.jta.platform.internal.NoJtaPlatform]
2024-08-22 17:48:08.370  INFO 4800 --- [restartedMain] j.LocalContainerEntityManagerFactoryBean : Initialized JPA EntityManagerFactory for persistence unit 'default'
2024-08-22 17:48:08.470  WARN 4800 --- [restartedMain] JpaBaseConfiguration$JpaWebConfiguration : spring.jpa.open-in-view is enabled by default. Therefore, database queries may be performed during view rendering. Explicitly configure spring.jpa.open-in-view to disable this warning
2024-08-22 17:48:08.593  INFO 4800 --- [restartedMain] o.s.b.d.a.OptionalLiveReloadServer       : LiveReload server is running on port 35729
2024-08-22 17:48:08.609  INFO 4800 --- [restartedMain] o.s.b.w.embedded.tomcat.TomcatWebServer  : Tomcat started on port(s): 8091 (http) with context path ''
2024-08-22 17:48:08.613  INFO 4800 --- [restartedMain] com.jbk.TrackMyClassApplication          : Started TrackMyClassApplication in 1.249 seconds (JVM running for 527.453)
2024-08-22 17:48:08.617  INFO 4800 --- [restartedMain] .ConditionEvaluationDeltaLoggingListener : Condition evaluation unchanged
2024-08-22 17:48:08.619  INFO 4800 --- [restartedMain] com.jbk.TrackMyClassApplication          : App Started
2024-08-22 18:00:40.920  INFO 4800 --- [Thread-11] j.LocalContainerEntityManagerFactoryBean : Closing JPA EntityManagerFactory for persistence unit 'default'
2024-08-22 18:00:40.921  INFO 4800 --- [Thread-11] com.zaxxer.hikari.HikariDataSource       : HikariPool-3 - Shutdown initiated...
2024-08-22 18:00:40.931  INFO 4800 --- [Thread-11] com.zaxxer.hikari.HikariDataSource       : HikariPool-3 - Shutdown completed.
2024-08-22 18:00:41.043  INFO 4800 --- [restartedMain] com.jbk.TrackMyClassApplication          : Starting TrackMyClassApplication using Java 21.0.3 on LENOVO with PID 4800 (C:\Workspace\advance java\184\TrackMyClass\target\classes started by RAM in C:\Workspace\advance java\184\TrackMyClass)
2024-08-22 18:00:41.057  INFO 4800 --- [restartedMain] com.jbk.TrackMyClassApplication          : No active profile set, falling back to default profiles: default
2024-08-22 18:00:41.337  INFO 4800 --- [restartedMain] .s.d.r.c.RepositoryConfigurationDelegate : Bootstrapping Spring Data JPA repositories in DEFAULT mode.
2024-08-22 18:00:41.353  INFO 4800 --- [restartedMain] .s.d.r.c.RepositoryConfigurationDelegate : Finished Spring Data repository scanning in 14 ms. Found 0 JPA repository interfaces.
2024-08-22 18:00:41.473  INFO 4800 --- [restartedMain] o.s.b.w.embedded.tomcat.TomcatWebServer  : Tomcat initialized with port(s): 8091 (http)
2024-08-22 18:00:41.477  INFO 4800 --- [restartedMain] o.apache.catalina.core.StandardService   : Starting service [Tomcat]
2024-08-22 18:00:41.477  INFO 4800 --- [restartedMain] org.apache.catalina.core.StandardEngine  : Starting Servlet engine: [Apache Tomcat/9.0.54]
2024-08-22 18:00:41.513  INFO 4800 --- [restartedMain] o.a.c.c.C.[Tomcat].[localhost].[/]       : Initializing Spring embedded WebApplicationContext
2024-08-22 18:00:41.513  INFO 4800 --- [restartedMain] w.s.c.ServletWebServerApplicationContext : Root WebApplicationContext: initialization completed in 452 ms
2024-08-22 18:00:41.570  INFO 4800 --- [restartedMain] o.hibernate.jpa.internal.util.LogHelper  : HHH000204: Processing PersistenceUnitInfo [name: default]
2024-08-22 18:00:41.579  INFO 4800 --- [restartedMain] com.zaxxer.hikari.HikariDataSource       : HikariPool-4 - Starting...
2024-08-22 18:00:41.601  INFO 4800 --- [restartedMain] com.zaxxer.hikari.HikariDataSource       : HikariPool-4 - Start completed.
2024-08-22 18:00:41.602  INFO 4800 --- [restartedMain] org.hibernate.dialect.Dialect            : HHH000400: Using dialect: org.hibernate.dialect.MySQL8Dialect
2024-08-22 18:00:41.733  INFO 4800 --- [restartedMain] o.h.e.t.j.p.i.JtaPlatformInitiator       : HHH000490: Using JtaPlatform implementation: [org.hibernate.engine.transaction.jta.platform.internal.NoJtaPlatform]
2024-08-22 18:00:41.733  INFO 4800 --- [restartedMain] j.LocalContainerEntityManagerFactoryBean : Initialized JPA EntityManagerFactory for persistence unit 'default'
2024-08-22 18:00:41.810  WARN 4800 --- [restartedMain] JpaBaseConfiguration$JpaWebConfiguration : spring.jpa.open-in-view is enabled by default. Therefore, database queries may be performed during view rendering. Explicitly configure spring.jpa.open-in-view to disable this warning
2024-08-22 18:00:41.998  INFO 4800 --- [restartedMain] o.s.b.d.a.OptionalLiveReloadServer       : LiveReload server is running on port 35729
2024-08-22 18:00:42.024  INFO 4800 --- [restartedMain] o.s.b.w.embedded.tomcat.TomcatWebServer  : Tomcat started on port(s): 8091 (http) with context path ''
2024-08-22 18:00:42.029  INFO 4800 --- [restartedMain] com.jbk.TrackMyClassApplication          : Started TrackMyClassApplication in 1.049 seconds (JVM running for 1280.869)
2024-08-22 18:00:42.033  INFO 4800 --- [restartedMain] .ConditionEvaluationDeltaLoggingListener : Condition evaluation unchanged
2024-08-22 18:00:42.033  INFO 4800 --- [restartedMain] com.jbk.TrackMyClassApplication          : App Started
2024-08-22 18:18:41.947  INFO 11380 --- [restartedMain] com.jbk.TrackMyClassApplication          : Starting TrackMyClassApplication using Java 21.0.3 on LENOVO with PID 11380 (C:\Workspace\advance java\184\TrackMyClass\target\classes started by RAM in C:\Workspace\advance java\184\TrackMyClass)
2024-08-22 18:18:41.956  INFO 11380 --- [restartedMain] com.jbk.TrackMyClassApplication          : No active profile set, falling back to default profiles: default
2024-08-22 18:18:42.083  INFO 11380 --- [restartedMain] .e.DevToolsPropertyDefaultsPostProcessor : Devtools property defaults active! Set 'spring.devtools.add-properties' to 'false' to disable
2024-08-22 18:18:42.083  INFO 11380 --- [restartedMain] .e.DevToolsPropertyDefaultsPostProcessor : For additional web related logging consider setting the 'logging.level.web' property to 'DEBUG'
2024-08-22 18:18:43.444  INFO 11380 --- [restartedMain] .s.d.r.c.RepositoryConfigurationDelegate : Bootstrapping Spring Data JPA repositories in DEFAULT mode.
2024-08-22 18:18:43.473  INFO 11380 --- [restartedMain] .s.d.r.c.RepositoryConfigurationDelegate : Finished Spring Data repository scanning in 12 ms. Found 0 JPA repository interfaces.
2024-08-22 18:18:44.802  INFO 11380 --- [restartedMain] o.s.b.w.embedded.tomcat.TomcatWebServer  : Tomcat initialized with port(s): 8091 (http)
2024-08-22 18:18:44.820  INFO 11380 --- [restartedMain] o.apache.catalina.core.StandardService   : Starting service [Tomcat]
2024-08-22 18:18:44.822  INFO 11380 --- [restartedMain] org.apache.catalina.core.StandardEngine  : Starting Servlet engine: [Apache Tomcat/9.0.54]
2024-08-22 18:18:44.949  INFO 11380 --- [restartedMain] o.a.c.c.C.[Tomcat].[localhost].[/]       : Initializing Spring embedded WebApplicationContext
2024-08-22 18:18:44.950  INFO 11380 --- [restartedMain] w.s.c.ServletWebServerApplicationContext : Root WebApplicationContext: initialization completed in 2866 ms
2024-08-22 18:18:45.259  INFO 11380 --- [restartedMain] o.hibernate.jpa.internal.util.LogHelper  : HHH000204: Processing PersistenceUnitInfo [name: default]
2024-08-22 18:18:45.348  INFO 11380 --- [restartedMain] org.hibernate.Version                    : HHH000412: Hibernate ORM core version 5.4.32.Final
2024-08-22 18:18:45.794  INFO 11380 --- [restartedMain] o.hibernate.annotations.common.Version   : HCANN000001: Hibernate Commons Annotations {5.1.2.Final}
2024-08-22 18:18:46.077  INFO 11380 --- [restartedMain] com.zaxxer.hikari.HikariDataSource       : HikariPool-1 - Starting...
2024-08-22 18:18:46.864  INFO 11380 --- [restartedMain] com.zaxxer.hikari.HikariDataSource       : HikariPool-1 - Start completed.
2024-08-22 18:18:46.901  INFO 11380 --- [restartedMain] org.hibernate.dialect.Dialect            : HHH000400: Using dialect: org.hibernate.dialect.MySQL8Dialect
2024-08-22 18:18:48.544  INFO 11380 --- [restartedMain] o.h.e.t.j.p.i.JtaPlatformInitiator       : HHH000490: Using JtaPlatform implementation: [org.hibernate.engine.transaction.jta.platform.internal.NoJtaPlatform]
2024-08-22 18:18:48.556  INFO 11380 --- [restartedMain] j.LocalContainerEntityManagerFactoryBean : Initialized JPA EntityManagerFactory for persistence unit 'default'
2024-08-22 18:18:49.206  WARN 11380 --- [restartedMain] JpaBaseConfiguration$JpaWebConfiguration : spring.jpa.open-in-view is enabled by default. Therefore, database queries may be performed during view rendering. Explicitly configure spring.jpa.open-in-view to disable this warning
2024-08-22 18:18:50.337  INFO 11380 --- [restartedMain] o.s.b.d.a.OptionalLiveReloadServer       : LiveReload server is running on port 35729
2024-08-22 18:18:50.427  INFO 11380 --- [restartedMain] o.s.b.w.embedded.tomcat.TomcatWebServer  : Tomcat started on port(s): 8091 (http) with context path ''
2024-08-22 18:18:50.449  INFO 11380 --- [restartedMain] com.jbk.TrackMyClassApplication          : Started TrackMyClassApplication in 9.34 seconds (JVM running for 10.021)
2024-08-22 18:18:50.457  INFO 11380 --- [restartedMain] com.jbk.TrackMyClassApplication          : App Started
2024-08-22 18:19:21.702  INFO 11380 --- [http-nio-8091-exec-1] o.a.c.c.C.[Tomcat].[localhost].[/]       : Initializing Spring DispatcherServlet 'dispatcherServlet'
2024-08-22 18:19:21.702  INFO 11380 --- [http-nio-8091-exec-1] o.s.web.servlet.DispatcherServlet        : Initializing Servlet 'dispatcherServlet'
2024-08-22 18:19:21.709  INFO 11380 --- [http-nio-8091-exec-1] o.s.web.servlet.DispatcherServlet        : Completed initialization in 7 ms
2024-08-22 18:19:21.916  INFO 11380 --- [http-nio-8091-exec-1] com.jbk.aop.MyAdvice                     : Execution Started at =2024.08.22.18.19.21.914
2024-08-22 18:19:21.949  WARN 11380 --- [http-nio-8091-exec-1] org.hibernate.orm.deprecation            : HHH90000022: Hibernate's legacy org.hibernate.Criteria API is deprecated; use the JPA javax.persistence.criteria.CriteriaQuery instead
2024-08-22 18:19:22.017  INFO 11380 --- [http-nio-8091-exec-1] com.jbk.aop.MyAdvice                     : Excecution Ended at 2024.08.22.18.19.22.017
2024-08-22 18:31:16.729  INFO 19760 --- [restartedMain] com.jbk.TrackMyClassApplication          : Starting TrackMyClassApplication using Java 21.0.3 on LENOVO with PID 19760 (C:\Workspace\advance java\184\TrackMyClass\target\classes started by RAM in C:\Workspace\advance java\184\TrackMyClass)
2024-08-22 18:31:16.730  INFO 19760 --- [restartedMain] com.jbk.TrackMyClassApplication          : No active profile set, falling back to default profiles: default
2024-08-22 18:31:16.816  INFO 19760 --- [restartedMain] .e.DevToolsPropertyDefaultsPostProcessor : Devtools property defaults active! Set 'spring.devtools.add-properties' to 'false' to disable
2024-08-22 18:31:16.816  INFO 19760 --- [restartedMain] .e.DevToolsPropertyDefaultsPostProcessor : For additional web related logging consider setting the 'logging.level.web' property to 'DEBUG'
2024-08-22 18:31:17.522  INFO 19760 --- [restartedMain] .s.d.r.c.RepositoryConfigurationDelegate : Bootstrapping Spring Data JPA repositories in DEFAULT mode.
2024-08-22 18:31:17.548  INFO 19760 --- [restartedMain] .s.d.r.c.RepositoryConfigurationDelegate : Finished Spring Data repository scanning in 15 ms. Found 0 JPA repository interfaces.
2024-08-22 18:31:18.857  INFO 19760 --- [restartedMain] o.s.b.w.embedded.tomcat.TomcatWebServer  : Tomcat initialized with port(s): 8091 (http)
2024-08-22 18:31:18.879  INFO 19760 --- [restartedMain] o.apache.catalina.core.StandardService   : Starting service [Tomcat]
2024-08-22 18:31:18.879  INFO 19760 --- [restartedMain] org.apache.catalina.core.StandardEngine  : Starting Servlet engine: [Apache Tomcat/9.0.54]
2024-08-22 18:31:19.008  INFO 19760 --- [restartedMain] o.a.c.c.C.[Tomcat].[localhost].[/]       : Initializing Spring embedded WebApplicationContext
2024-08-22 18:31:19.009  INFO 19760 --- [restartedMain] w.s.c.ServletWebServerApplicationContext : Root WebApplicationContext: initialization completed in 2193 ms
2024-08-22 18:31:19.443  INFO 19760 --- [restartedMain] o.hibernate.jpa.internal.util.LogHelper  : HHH000204: Processing PersistenceUnitInfo [name: default]
2024-08-22 18:31:19.546  INFO 19760 --- [restartedMain] org.hibernate.Version                    : HHH000412: Hibernate ORM core version 5.4.32.Final
2024-08-22 18:31:19.759  INFO 19760 --- [restartedMain] o.hibernate.annotations.common.Version   : HCANN000001: Hibernate Commons Annotations {5.1.2.Final}
2024-08-22 18:31:19.881  INFO 19760 --- [restartedMain] com.zaxxer.hikari.HikariDataSource       : HikariPool-1 - Starting...
2024-08-22 18:31:20.533  INFO 19760 --- [restartedMain] com.zaxxer.hikari.HikariDataSource       : HikariPool-1 - Start completed.
2024-08-22 18:31:20.558  INFO 19760 --- [restartedMain] org.hibernate.dialect.Dialect            : HHH000400: Using dialect: org.hibernate.dialect.MySQL8Dialect
2024-08-22 18:31:21.519  INFO 19760 --- [restartedMain] o.h.e.t.j.p.i.JtaPlatformInitiator       : HHH000490: Using JtaPlatform implementation: [org.hibernate.engine.transaction.jta.platform.internal.NoJtaPlatform]
2024-08-22 18:31:21.530  INFO 19760 --- [restartedMain] j.LocalContainerEntityManagerFactoryBean : Initialized JPA EntityManagerFactory for persistence unit 'default'
2024-08-22 18:31:21.817  WARN 19760 --- [restartedMain] JpaBaseConfiguration$JpaWebConfiguration : spring.jpa.open-in-view is enabled by default. Therefore, database queries may be performed during view rendering. Explicitly configure spring.jpa.open-in-view to disable this warning
2024-08-22 18:31:22.566  INFO 19760 --- [restartedMain] o.s.b.d.a.OptionalLiveReloadServer       : LiveReload server is running on port 35729
2024-08-22 18:31:22.629  INFO 19760 --- [restartedMain] o.s.b.w.embedded.tomcat.TomcatWebServer  : Tomcat started on port(s): 8091 (http) with context path ''
2024-08-22 18:31:22.658  INFO 19760 --- [restartedMain] com.jbk.TrackMyClassApplication          : Started TrackMyClassApplication in 6.7 seconds (JVM running for 7.379)
2024-08-22 18:31:22.662  INFO 19760 --- [restartedMain] com.jbk.TrackMyClassApplication          : App Started
2024-08-22 18:31:47.980  INFO 19760 --- [http-nio-8091-exec-1] o.a.c.c.C.[Tomcat].[localhost].[/]       : Initializing Spring DispatcherServlet 'dispatcherServlet'
2024-08-22 18:31:47.980  INFO 19760 --- [http-nio-8091-exec-1] o.s.web.servlet.DispatcherServlet        : Initializing Servlet 'dispatcherServlet'
2024-08-22 18:31:47.985  INFO 19760 --- [http-nio-8091-exec-1] o.s.web.servlet.DispatcherServlet        : Completed initialization in 5 ms
2024-08-22 18:31:48.120  INFO 19760 --- [http-nio-8091-exec-1] com.jbk.aop.MyAdvice                     : Execution Started at =2024.08.22.18.31.48.120
2024-08-22 18:31:48.156  WARN 19760 --- [http-nio-8091-exec-1] org.hibernate.orm.deprecation            : HHH90000022: Hibernate's legacy org.hibernate.Criteria API is deprecated; use the JPA javax.persistence.criteria.CriteriaQuery instead
2024-08-22 18:31:48.245  INFO 19760 --- [http-nio-8091-exec-1] com.jbk.aop.MyAdvice                     : Excecution Ended at 2024.08.22.18.31.48.245
2024-08-22 18:32:53.275  INFO 19760 --- [http-nio-8091-exec-3] com.jbk.aop.MyAdvice                     : Execution Started at =2024.08.22.18.32.53.275
2024-08-22 18:32:53.292  WARN 19760 --- [http-nio-8091-exec-3] org.hibernate.orm.deprecation            : HHH90000022: Hibernate's legacy org.hibernate.Criteria API is deprecated; use the JPA javax.persistence.criteria.CriteriaQuery instead
2024-08-22 18:32:53.309  INFO 19760 --- [http-nio-8091-exec-3] com.jbk.aop.MyAdvice                     : Excecution Ended at 2024.08.22.18.32.53.309
